<?xml version="1.0" encoding="UTF-8"?>
<!-- Generated by org.testng.reporters.JUnitReportReporter -->
<testsuite hostname="Pranav-PC" failures="0" tests="1" name="organization.CreateOrganization" time="144.547" errors="0" timestamp="2024-09-02T19:21:54 IST" skipped="0">
  <testcase classname="organization.CreateOrganization" name="createOrganization" time="144.547"/>
  <system-out/>
</testsuite> <!-- organization.CreateOrganization -->
