<?xml version="1.0" encoding="UTF-8"?>
<!-- Generated by org.testng.reporters.JUnitReportReporter -->
<testsuite hostname="Pranav-PC" failures="0" tests="2" name="testNG.DataProviderEx2" time="0.065" errors="0" timestamp="2024-08-30T20:13:16 IST" skipped="0">
  <testcase classname="testNG.DataProviderEx2" name="bookTickets" time="0.056"/>
  <system-out/>
  <testcase classname="testNG.DataProviderEx2" name="bookTickets" time="0.009"/>
  <system-out/>
</testsuite> <!-- testNG.DataProviderEx2 -->
