<?xml version="1.0" encoding="UTF-8"?>
<!-- Generated by org.testng.reporters.JUnitReportReporter -->
<testsuite hostname="Pranav-PC" failures="0" tests="1" name="product.CreateProductTest" time="72.386" errors="0" timestamp="2024-09-03T19:47:06 IST" skipped="0">
  <testcase classname="product.CreateProductTest" name="createProductTest" time="72.386"/>
  <system-out/>
</testsuite> <!-- product.CreateProductTest -->
