<?xml version="1.0" encoding="UTF-8"?>
<!-- Generated by org.testng.reporters.JUnitReportReporter -->
<testsuite hostname="Pranav-PC" failures="0" tests="3" name="testNG.DataProviderEx1" time="0.011" errors="0" timestamp="2024-09-03T19:47:06 IST" skipped="0">
  <testcase classname="testNG.DataProviderEx1" name="bookTickets" time="0.008"/>
  <system-out/>
  <testcase classname="testNG.DataProviderEx1" name="bookTickets" time="0.001"/>
  <system-out/>
  <testcase classname="testNG.DataProviderEx1" name="bookTickets" time="0.002"/>
  <system-out/>
</testsuite> <!-- testNG.DataProviderEx1 -->
