<?xml version="1.0" encoding="UTF-8"?>
<!-- Generated by org.testng.reporters.JUnitReportReporter -->
<testsuite hostname="Pranav-PC" failures="0" tests="5" name="testNG.SampleTest" time="0.056" errors="0" timestamp="2024-08-29T20:49:28 IST" skipped="0">
  <testcase classname="testNG.SampleTest" name="deleteProductTest" time="0.006"/>
  <system-out/>
  <testcase classname="testNG.SampleTest" name="createProductTest" time="0.035"/>
  <system-out/>
  <testcase classname="testNG.SampleTest" name="createProductTest" time="0.006"/>
  <system-out/>
  <testcase classname="testNG.SampleTest" name="createProductTest" time="0.005"/>
  <system-out/>
  <testcase classname="testNG.SampleTest" name="modifyProductTest" time="0.004"/>
  <system-out/>
</testsuite> <!-- testNG.SampleTest -->
