<?xml version="1.0" encoding="UTF-8"?>
<!-- Generated by org.testng.reporters.JUnitReportReporter -->
<testsuite hostname="Pranav-PC" failures="0" tests="3" name="testNG.DataProviderEx4ReadExcel" time="129.206" errors="0" timestamp="2024-08-31T20:33:01 IST" skipped="0">
  <testcase classname="testNG.DataProviderEx4ReadExcel" name="readExcelDataTest" time="20.784"/>
  <system-out/>
  <testcase classname="testNG.DataProviderEx4ReadExcel" name="readExcelDataTest" time="19.814"/>
  <system-out/>
  <testcase classname="testNG.DataProviderEx4ReadExcel" name="readExcelDataTest" time="88.608"/>
  <system-out/>
</testsuite> <!-- testNG.DataProviderEx4ReadExcel -->
