<?xml version="1.0" encoding="UTF-8"?>
<!-- Generated by org.testng.reporters.JUnitReportReporter -->
<testsuite hostname="Pranav-PC" failures="0" tests="1" name="testNG.softAssertEx" time="0.035" errors="0" timestamp="2024-09-04T19:48:06 IST" skipped="0">
  <testcase classname="testNG.softAssertEx" name="m1" time="0.035"/>
  <system-out/>
</testsuite> <!-- testNG.softAssertEx -->
